Determining if the pthread_create exist failed with the following output:
Change Dir: /home/ubuntu/Documents/VexRos/build/CMakeFiles/CMakeTmp

Run Build Command:/usr/bin/make "cmTryCompileExec2558131568/fast"
/usr/bin/make -f CMakeFiles/cmTryCompileExec2558131568.dir/build.make CMakeFiles/cmTryCompileExec2558131568.dir/build
make[1]: Entering directory `/home/ubuntu/Documents/VexRos/build/CMakeFiles/CMakeTmp'
/usr/bin/cmake -E cmake_progress_report /home/ubuntu/Documents/VexRos/build/CMakeFiles/CMakeTmp/CMakeFiles 1
Building C object CMakeFiles/cmTryCompileExec2558131568.dir/CheckSymbolExists.c.o
/usr/bin/cc    -o CMakeFiles/cmTryCompileExec2558131568.dir/CheckSymbolExists.c.o   -c /home/ubuntu/Documents/VexRos/build/CMakeFiles/CMakeTmp/CheckSymbolExists.c
Linking C executable cmTryCompileExec2558131568
/usr/bin/cmake -E cmake_link_script CMakeFiles/cmTryCompileExec2558131568.dir/link.txt --verbose=1
/usr/bin/cc       CMakeFiles/cmTryCompileExec2558131568.dir/CheckSymbolExists.c.o  -o cmTryCompileExec2558131568 -rdynamic 
CMakeFiles/cmTryCompileExec2558131568.dir/CheckSymbolExists.c.o: In function `main':
CheckSymbolExists.c:(.text+0xe): undefined reference to `pthread_create'
CheckSymbolExists.c:(.text+0x12): undefined reference to `pthread_create'
make[1]: Leaving directory `/home/ubuntu/Documents/VexRos/build/CMakeFiles/CMakeTmp'
collect2: error: ld returned 1 exit status
make[1]: *** [cmTryCompileExec2558131568] Error 1
make: *** [cmTryCompileExec2558131568/fast] Error 2

File /home/ubuntu/Documents/VexRos/build/CMakeFiles/CMakeTmp/CheckSymbolExists.c:
/* */
#include <pthread.h>

int main(int argc, char** argv)
{
  (void)argv;
#ifndef pthread_create
  return ((int*)(&pthread_create))[argc];
#else
  (void)argc;
  return 0;
#endif
}

Determining if the function pthread_create exists in the pthreads failed with the following output:
Change Dir: /home/ubuntu/Documents/VexRos/build/CMakeFiles/CMakeTmp

Run Build Command:/usr/bin/make "cmTryCompileExec481062233/fast"
/usr/bin/make -f CMakeFiles/cmTryCompileExec481062233.dir/build.make CMakeFiles/cmTryCompileExec481062233.dir/build
make[1]: Entering directory `/home/ubuntu/Documents/VexRos/build/CMakeFiles/CMakeTmp'
/usr/bin/cmake -E cmake_progress_report /home/ubuntu/Documents/VexRos/build/CMakeFiles/CMakeTmp/CMakeFiles 1
Building C object CMakeFiles/cmTryCompileExec481062233.dir/CheckFunctionExists.c.o
/usr/bin/cc   -DCHECK_FUNCTION_EXISTS=pthread_create   -o CMakeFiles/cmTryCompileExec481062233.dir/CheckFunctionExists.c.o   -c /usr/share/cmake-2.8/Modules/CheckFunctionExists.c
Linking C executable cmTryCompileExec481062233
/usr/bin/cmake -E cmake_link_script CMakeFiles/cmTryCompileExec481062233.dir/link.txt --verbose=1
/usr/bin/cc   -DCHECK_FUNCTION_EXISTS=pthread_create    CMakeFiles/cmTryCompileExec481062233.dir/CheckFunctionExists.c.o  -o cmTryCompileExec481062233 -rdynamic -lpthreads 
/usr/bin/ld: cannot find -lpthreads
make[1]: Leaving directory `/home/ubuntu/Documents/VexRos/build/CMakeFiles/CMakeTmp'
collect2: error: ld returned 1 exit status
make[1]: *** [cmTryCompileExec481062233] Error 1
make: *** [cmTryCompileExec481062233/fast] Error 2


